<?xml version="1.0" encoding="UTF-8"?>
<!-- Generated by org.testng.reporters.JUnitReportReporter -->
<testsuite hostname="APL-PG02T0CX" failures="0" tests="1" name="com.automation.testcases.TC2_ValidateCardItems" time="51.843" errors="0" timestamp="2023-07-19T12:38:17 IST" skipped="0">
  <testcase classname="com.automation.testcases.TC2_ValidateCardItems" name="validateAddItemToCartAndNonExistenceProduct" time="51.843"/>
  <system-out/>
</testsuite> <!-- com.automation.testcases.TC2_ValidateCardItems -->
