<?xml version="1.0" encoding="UTF-8"?>
<!-- Generated by org.testng.reporters.JUnitReportReporter -->
<testsuite hostname="APL-PG02T0CX" failures="0" tests="1" name="com.automation.testcases.TC1_RegistrationProcess" time="9.354" errors="0" timestamp="2023-10-06T11:23:43 IST" skipped="0">
  <testcase classname="com.automation.testcases.TC1_RegistrationProcess" name="userRegistration" time="9.354"/>
  <system-out/>
</testsuite> <!-- com.automation.testcases.TC1_RegistrationProcess -->
