<?xml version="1.0" encoding="UTF-8"?>
<!-- Generated by org.testng.reporters.JUnitReportReporter -->
<testsuite hostname="APL-PG02T0CX" failures="0" tests="1" name="com.automation.testcases.TC3_ValidateAddressDetailsIncheckoutPage" time="76.460" errors="0" timestamp="2023-08-23T13:03:51 IST" skipped="0">
  <testcase classname="com.automation.testcases.TC3_ValidateAddressDetailsIncheckoutPage" name="validateAddressDetailsInCheckoutPage" time="76.460"/>
  <system-out/>
</testsuite> <!-- com.automation.testcases.TC3_ValidateAddressDetailsIncheckoutPage -->
