<?xml version="1.0" encoding="UTF-8"?>
<!-- Generated by org.testng.reporters.JUnitReportReporter -->
<testsuite hostname="APL-PG02T0CX" failures="0" tests="1" name="com.automation.testcases.TC2_ValidateCardItems" time="32.968" errors="0" timestamp="2023-10-06T14:37:02 IST" skipped="0">
  <testcase classname="com.automation.testcases.TC2_ValidateCardItems" name="validateAddItemToCartAndNonExistenceProduct" time="32.968"/>
  <system-out/>
</testsuite> <!-- com.automation.testcases.TC2_ValidateCardItems -->
