<?xml version="1.0" encoding="UTF-8"?>
<!-- Generated by org.testng.reporters.JUnitReportReporter -->
<testsuite hostname="APL-PG02T0CX" failures="0" tests="1" name="com.automation.testcases.TC5_ValidateInvoiceAfterPurchase" time="23.846" errors="0" timestamp="2023-10-06T14:58:40 IST" skipped="0">
  <testcase classname="com.automation.testcases.TC5_ValidateInvoiceAfterPurchase" name="validateInvoice" time="23.846"/>
  <system-out/>
</testsuite> <!-- com.automation.testcases.TC5_ValidateInvoiceAfterPurchase -->
