<?xml version="1.0" encoding="UTF-8"?>
<!-- Generated by org.testng.reporters.JUnitReportReporter -->
<testsuite hostname="APL-PG02T0CX" failures="0" tests="1" name="com.automation.testcases.TC2_ValidateCardItems" time="60.564" errors="0" timestamp="2023-10-06T12:25:01 IST" skipped="0">
  <testcase classname="com.automation.testcases.TC2_ValidateCardItems" name="validateAddItemToCartAndNonExistenceProduct" time="60.564"/>
  <system-out/>
</testsuite> <!-- com.automation.testcases.TC2_ValidateCardItems -->
