<?xml version="1.0" encoding="UTF-8"?>
<!-- Generated by org.testng.reporters.JUnitReportReporter -->
<testsuite hostname="APL-PG02T0CX" failures="0" tests="1" name="com.automation.testcases.TC1_RegistrationProcess" time="20.954" errors="0" timestamp="2023-10-06T13:45:48 IST" skipped="0">
  <testcase classname="com.automation.testcases.TC1_RegistrationProcess" name="userRegistration" time="20.954"/>
  <system-out/>
</testsuite> <!-- com.automation.testcases.TC1_RegistrationProcess -->
