<?xml version="1.0" encoding="UTF-8"?>
<!-- Generated by org.testng.reporters.JUnitReportReporter -->
<testsuite hostname="APL-PG02T0CX" failures="0" tests="1" name="com.automation.testcases.TC4_ValidateScrollUScrollDown" time="0.166" errors="0" timestamp="2023-10-06T12:25:01 IST" skipped="0">
  <testcase classname="com.automation.testcases.TC4_ValidateScrollUScrollDown" name="testScrollUpScrollDown" time="0.166"/>
  <system-out/>
</testsuite> <!-- com.automation.testcases.TC4_ValidateScrollUScrollDown -->
