<?xml version="1.0" encoding="UTF-8"?>
<!-- Generated by org.testng.reporters.JUnitReportReporter -->
<testsuite hostname="APL-PG02T0CX" failures="0" tests="1" name="com.automation.testcases.TC1_RegistrationProcess" time="11.347" errors="0" timestamp="2023-10-06T12:57:45 IST" skipped="0">
  <testcase classname="com.automation.testcases.TC1_RegistrationProcess" name="userRegistration" time="11.347"/>
  <system-out/>
</testsuite> <!-- com.automation.testcases.TC1_RegistrationProcess -->
